<?xml version="1.0" encoding="UTF-8"?>
<coverage generated="1790210787091" clover="3.2.0">
  <project timestamp="1790210787091" name="All files">
    <metrics statements="9" coveredstatements="9" conditionals="2" coveredconditionals="2" methods="3" coveredmethods="3" elements="14" coveredelements="14" complexity="0" loc="9" ncloc="9" packages="1" files="2" classes="2"/>
    <file name="MyButton.tsx" path="/Users/danielzordan/projects/cicd-study/src/components/MyButton.tsx">
      <metrics statements="9" coveredstatements="9" conditionals="2" coveredconditionals="2" methods="3" coveredmethods="3"/>
      <line num="4" count="1" type="stmt"/>
      <line num="5" count="7" type="stmt"/>
      <line num="7" count="7" type="stmt"/>
      <line num="8" count="2" type="cond" truecount="2" falsecount="0"/>
      <line num="9" count="1" type="stmt"/>
      <line num="13" count="7" type="stmt"/>
      <line num="14" count="2" type="stmt"/>
      <line num="17" count="7" type="stmt"/>
      <line num="26" count="1" type="stmt"/>
    </file>
    <file name="index.ts" path="/Users/danielzordan/projects/cicd-study/src/components/index.ts">
      <metrics statements="0" coveredstatements="0" conditionals="0" coveredconditionals="0" methods="0" coveredmethods="0"/>
    </file>
  </project>
</coverage>
